Build started 14/03/2015 08:20:48.
     1>Project "C:\Users\Franco\GameEngine\Game\Game.vcxproj" on node 2 (Build target(s)).
     1>C:\Program Files (x86)\MSBuild\Microsoft.Cpp\v4.0\V120\Microsoft.CppBuild.targets(388,5): warning MSB8028: The intermediate directory (Debug\) contains files shared from another project (Game.vcxproj).  This can lead to incorrect clean and rebuild behavior.
     1>ClCompile:
         C:\Program Files (x86)\Microsoft Visual Studio 12.0\VC\bin\CL.exe /c /I./include /ZI /nologo /W3 /WX- /sdl- /Od /Oy- /D _MBCS /Gm /EHsc /RTC1 /MDd /GS /fp:precise /Zc:wchar_t /Zc:forScope /Fo"Debug\\" /Fd"Debug\vc120.pdb" /Gd /TP /analyze- /errorReport:prompt Display.cpp main.cpp ShaderProgram.cpp
         main.cpp
         Generating Code...
         Skipping... (no relevant changes detected)
         ShaderProgram.cpp
         Display.cpp
       Link:
         C:\Program Files (x86)\Microsoft Visual Studio 12.0\VC\bin\link.exe /ERRORREPORT:PROMPT /OUT:"C:\Users\Franco\GameEngine\Game\Debug\Monica_S_Bubbles.exe" /INCREMENTAL /NOLOGO /LIBPATH:./lib SDL2.lib SDL2main.lib SDL2_image.lib SDL2_mixer.lib SDL2_ttf.lib glew32.lib glew32s.lib OpenGL32.lib kernel32.lib user32.lib gdi32.lib winspool.lib comdlg32.lib advapi32.lib shell32.lib ole32.lib oleaut32.lib uuid.lib odbc32.lib odbccp32.lib kernel32.lib user32.lib gdi32.lib winspool.lib comdlg32.lib advapi32.lib shell32.lib ole32.lib oleaut32.lib uuid.lib odbc32.lib odbccp32.lib /MANIFEST /MANIFESTUAC:"level='asInvoker' uiAccess='false'" /manifest:embed /DEBUG /PDB:"C:\Users\Franco\GameEngine\Game\Debug\Monica_S_Bubbles.pdb" /SUBSYSTEM:WINDOWS /TLBID:1 /DYNAMICBASE /NXCOMPAT /IMPLIB:"C:\Users\Franco\GameEngine\Game\Debug\Monica_S_Bubbles.lib" /MACHINE:X86 Debug\Display.obj
         Debug\main.obj
         Debug\ShaderProgram.obj
         lib\glew32.lib
         lib\glew32s.lib
         lib\SDL2.lib
         lib\SDL2main.lib
         lib\SDL2test.lib
         lib\SDL2_image.lib
         lib\SDL2_mixer.lib
         lib\SDL2_ttf.lib
     1>MSVCRTD.lib(cinitexe.obj) : warning LNK4098: defaultlib 'msvcrt.lib' conflicts with use of other libs; use /NODEFAULTLIB:library
         Game.vcxproj -> C:\Users\Franco\GameEngine\Game\Debug\Monica_S_Bubbles.exe
     1>Done Building Project "C:\Users\Franco\GameEngine\Game\Game.vcxproj" (Build target(s)).

Build succeeded.

Time Elapsed 00:00:02.54
